Using pre-set license
Built from '2021.3/staging' branch; Version is '2021.3.6f1 (7da38d85baf6) revision 8233869'; Using compiler version '192829333'; Build Type 'Release'
OS: 'Windows 10  (10.0.19044) 64bit Professional' Language: 'es' Physical Memory: 8129 MB
BatchMode: 1, IsHumanControllingUs: 0, StartBugReporterOnCrash: 0, Is64bit: 1, IsPro: 1

COMMAND LINE ARGUMENTS:
C:\Program Files\Unity\Hub\Editor\2021.3.6f1\Editor\Unity.exe
-adb2
-batchMode
-noUpm
-name
AssetImportWorker0
-projectPath
C:/Users/Alumne/Desktop/GitHub
-logFile
Logs/AssetImportWorker0.log
-srvPort
50183
Successfully changed project path to: C:/Users/Alumne/Desktop/GitHub
C:/Users/Alumne/Desktop/GitHub
[UnityMemory] Configuration Parameters - Can be set up in boot.config
    "memorysetup-bucket-allocator-granularity=16"
    "memorysetup-bucket-allocator-bucket-count=8"
    "memorysetup-bucket-allocator-block-size=33554432"
    "memorysetup-bucket-allocator-block-count=8"
    "memorysetup-main-allocator-block-size=16777216"
    "memorysetup-thread-allocator-block-size=16777216"
    "memorysetup-gfx-main-allocator-block-size=16777216"
    "memorysetup-gfx-thread-allocator-block-size=16777216"
    "memorysetup-cache-allocator-block-size=4194304"
    "memorysetup-typetree-allocator-block-size=2097152"
    "memorysetup-profiler-bucket-allocator-granularity=16"
    "memorysetup-profiler-bucket-allocator-bucket-count=8"
    "memorysetup-profiler-bucket-allocator-block-size=33554432"
    "memorysetup-profiler-bucket-allocator-block-count=8"
    "memorysetup-profiler-allocator-block-size=16777216"
    "memorysetup-profiler-editor-allocator-block-size=1048576"
    "memorysetup-temp-allocator-size-main=16777216"
    "memorysetup-job-temp-allocator-block-size=2097152"
    "memorysetup-job-temp-allocator-block-size-background=1048576"
    "memorysetup-job-temp-allocator-reduction-small-platforms=262144"
    "memorysetup-temp-allocator-size-background-worker=32768"
    "memorysetup-temp-allocator-size-job-worker=262144"
    "memorysetup-temp-allocator-size-preload-manager=33554432"
    "memorysetup-temp-allocator-size-nav-mesh-worker=65536"
    "memorysetup-temp-allocator-size-audio-worker=65536"
    "memorysetup-temp-allocator-size-cloud-worker=32768"
    "memorysetup-temp-allocator-size-gi-baking-worker=262144"
    "memorysetup-temp-allocator-size-gfx=262144"
Refreshing native plugins compatible for Editor in 159.11 ms, found 4 plugins.
Preloading 0 native plugins for Editor in 0.00 ms.
Initialize engine version: 2021.3.6f1 (7da38d85baf6)
[Subsystems] Discovering subsystems at path C:/Program Files/Unity/Hub/Editor/2021.3.6f1/Editor/Data/Resources/UnitySubsystems
[Subsystems] Discovering subsystems at path C:/Users/Alumne/Desktop/GitHub/Assets
GfxDevice: creating device client; threaded=0; jobified=0
Direct3D:
    Version:  Direct3D 11.0 [level 11.1]
    Renderer: NVIDIA GeForce GTX 1650 (ID=0x1f82)
    Vendor:   NVIDIA
    VRAM:     3962 MB
    Driver:   31.0.15.1694
Initialize mono
Mono path[0] = 'C:/Program Files/Unity/Hub/Editor/2021.3.6f1/Editor/Data/Managed'
Mono path[1] = 'C:/Program Files/Unity/Hub/Editor/2021.3.6f1/Editor/Data/MonoBleedingEdge/lib/mono/unityjit-win32'
Mono config path = 'C:/Program Files/Unity/Hub/Editor/2021.3.6f1/Editor/Data/MonoBleedingEdge/etc'
Using monoOptions --debugger-agent=transport=dt_socket,embedding=1,server=y,suspend=n,address=127.0.0.1:56584
Begin MonoManager ReloadAssembly
Registering precompiled unity dll's ...
Register platform support module: C:/Program Files/Unity/Hub/Editor/2021.3.6f1/Editor/Data/PlaybackEngines/WindowsStandaloneSupport/UnityEditor.WindowsStandalone.Extensions.dll
Registered in 0.008915 seconds.
Native extension for WindowsStandalone target not found
Refreshing native plugins compatible for Editor in 144.33 ms, found 4 plugins.
Preloading 0 native plugins for Editor in 0.00 ms.
Mono: successfully reloaded assembly
- Completed reload, in  1.008 seconds
Domain Reload Profiling:
	ReloadAssembly (1009ms)
		BeginReloadAssembly (104ms)
			ExecutionOrderSort (0ms)
			DisableScriptedObjects (0ms)
			BackupInstance (0ms)
			ReleaseScriptingObjects (0ms)
			CreateAndSetChildDomain (1ms)
		EndReloadAssembly (766ms)
			LoadAssemblies (101ms)
			RebuildTransferFunctionScriptingTraits (0ms)
			SetupTypeCache (275ms)
			ReleaseScriptCaches (0ms)
			RebuildScriptCaches (36ms)
			SetupLoadedEditorAssemblies (390ms)
				LogAssemblyErrors (0ms)
				InitializePlatformSupportModulesInManaged (9ms)
				SetLoadedEditorAssemblies (0ms)
				RefreshPlugins (144ms)
				BeforeProcessingInitializeOnLoad (1ms)
				ProcessInitializeOnLoadAttributes (182ms)
				ProcessInitializeOnLoadMethodAttributes (53ms)
				AfterProcessingInitializeOnLoad (0ms)
				EditorAssembliesLoaded (0ms)
			ExecutionOrderSort2 (0ms)
			AwakeInstancesAfterBackupRestoration (0ms)
Platform modules already initialized, skipping
Registering precompiled user dll's ...
Registered in 0.013483 seconds.
Begin MonoManager ReloadAssembly
Symbol file LoadedFromMemory doesn't match image C:\Users\Alumne\Desktop\GitHub\Library\PackageCache\com.unity.visualscripting@1.7.8\Editor\VisualScripting.Core\Dependencies\DotNetZip\Unity.VisualScripting.IonicZip.dll
Symbol file LoadedFromMemory doesn't match image C:\Users\Alumne\Desktop\GitHub\Library\PackageCache\com.unity.visualscripting@1.7.8\Editor\VisualScripting.Core\Dependencies\YamlDotNet\Unity.VisualScripting.YamlDotNet.dll
Native extension for WindowsStandalone target not found
Refreshing native plugins compatible for Editor in 133.33 ms, found 4 plugins.
Preloading 0 native plugins for Editor in 0.00 ms.
Package Manager log level set to [2]
Mono: successfully reloaded assembly
- Completed reload, in  1.863 seconds
Domain Reload Profiling:
	ReloadAssembly (1864ms)
		BeginReloadAssembly (159ms)
			ExecutionOrderSort (0ms)
			DisableScriptedObjects (7ms)
			BackupInstance (0ms)
			ReleaseScriptingObjects (0ms)
			CreateAndSetChildDomain (30ms)
		EndReloadAssembly (1557ms)
			LoadAssemblies (136ms)
			RebuildTransferFunctionScriptingTraits (0ms)
			SetupTypeCache (377ms)
			ReleaseScriptCaches (1ms)
			RebuildScriptCaches (74ms)
			SetupLoadedEditorAssemblies (922ms)
				LogAssemblyErrors (0ms)
				InitializePlatformSupportModulesInManaged (7ms)
				SetLoadedEditorAssemblies (0ms)
				RefreshPlugins (133ms)
				BeforeProcessingInitializeOnLoad (203ms)
				ProcessInitializeOnLoadAttributes (402ms)
				ProcessInitializeOnLoadMethodAttributes (166ms)
				AfterProcessingInitializeOnLoad (10ms)
				EditorAssembliesLoaded (0ms)
			ExecutionOrderSort2 (0ms)
			AwakeInstancesAfterBackupRestoration (8ms)
Platform modules already initialized, skipping
========================================================================
Worker process is ready to serve import requests
Launched and connected shader compiler UnityShaderCompiler.exe after 0.05 seconds
Refreshing native plugins compatible for Editor in 1.16 ms, found 4 plugins.
Preloading 0 native plugins for Editor in 0.00 ms.
Unloading 4616 Unused Serialized files (Serialized files now loaded: 0)
Unloading 73 unused Assets / (56.3 KB). Loaded Objects now: 5040.
Memory consumption went from 165.8 MB to 165.7 MB.
Total: 8.778400 ms (FindLiveObjects: 0.478900 ms CreateObjectMapping: 0.388000 ms MarkObjects: 7.779000 ms  DeleteObjects: 0.131000 ms)

AssetImportParameters requested are different than current active one (requested -> active):
  custom:video-decoder-ogg-theora: a1e56fd34408186e4bbccfd4996cb3dc -> 
  custom:container-muxer-webm: aa71ff27fc2769a1b78a27578f13a17b -> 
  custom:container-demuxer-webm: 4f35f7cbe854078d1ac9338744f61a02 -> 
  custom:video-encoder-webm-vp8: eb34c28f22e8b96e1ab97ce403110664 -> 
  custom:audio-encoder-webm-vorbis: bf7c407c2cedff20999df2af8eb42d56 -> 
  custom:framework-win-MediaFoundation: 216162199b28c13a410421893ffa2e32 -> 
  custom:container-demuxer-ogg: 62fdf1f143b41e24485cea50d1cbac27 -> 
  custom:video-decoder-webm-vp8: 9c59270c3fd7afecdb556c50c9e8de78 -> 
  custom:audio-decoder-ogg-vorbis: bf7c407c2cedff20999df2af8eb42d56 -> 
========================================================================
Received Import Request.
  Time since last request: 1016.628995 seconds.
  path: Assets/Scenes
  artifactKey: Guid(131a6b21c8605f84396be9f6751fb6e3) Importer(815301076,1909f56bfc062723c751e8b465ee728b)
Start importing Assets/Scenes using Guid(131a6b21c8605f84396be9f6751fb6e3) Importer(815301076,1909f56bfc062723c751e8b465ee728b)  -> (artifact id: '4935f35005d3ccd51bf39964504ff1b7') in 0.017624 seconds 
========================================================================
Received Import Request.
  Time since last request: 0.000081 seconds.
  path: Assets/Scenes/Nivel1.unity
  artifactKey: Guid(2cda990e2423bbf4892e6590ba056729) Importer(815301076,1909f56bfc062723c751e8b465ee728b)
Start importing Assets/Scenes/Nivel1.unity using Guid(2cda990e2423bbf4892e6590ba056729) Importer(815301076,1909f56bfc062723c751e8b465ee728b)  -> (artifact id: '895f762b99ec5aef8a05988bb858c1bc') in 0.008388 seconds 
========================================================================
Received Prepare
Registering precompiled user dll's ...
Registered in 0.013626 seconds.
Begin MonoManager ReloadAssembly
Symbol file LoadedFromMemory doesn't match image C:\Users\Alumne\Desktop\GitHub\Library\PackageCache\com.unity.visualscripting@1.7.8\Editor\VisualScripting.Core\Dependencies\DotNetZip\Unity.VisualScripting.IonicZip.dll
Symbol file LoadedFromMemory doesn't match image C:\Users\Alumne\Desktop\GitHub\Library\PackageCache\com.unity.visualscripting@1.7.8\Editor\VisualScripting.Core\Dependencies\YamlDotNet\Unity.VisualScripting.YamlDotNet.dll
Native extension for WindowsStandalone target not found
Refreshing native plugins compatible for Editor in 1.36 ms, found 4 plugins.
Preloading 0 native plugins for Editor in 0.00 ms.
Mono: successfully reloaded assembly
- Completed reload, in  2.378 seconds
Domain Reload Profiling:
	ReloadAssembly (2378ms)
		BeginReloadAssembly (282ms)
			ExecutionOrderSort (0ms)
			DisableScriptedObjects (12ms)
			BackupInstance (0ms)
			ReleaseScriptingObjects (0ms)
			CreateAndSetChildDomain (97ms)
		EndReloadAssembly (1896ms)
			LoadAssemblies (221ms)
			RebuildTransferFunctionScriptingTraits (0ms)
			SetupTypeCache (515ms)
			ReleaseScriptCaches (2ms)
			RebuildScriptCaches (83ms)
			SetupLoadedEditorAssemblies (993ms)
				LogAssemblyErrors (0ms)
				InitializePlatformSupportModulesInManaged (22ms)
				SetLoadedEditorAssemblies (1ms)
				RefreshPlugins (1ms)
				BeforeProcessingInitializeOnLoad (174ms)
				ProcessInitializeOnLoadAttributes (432ms)
				ProcessInitializeOnLoadMethodAttributes (348ms)
				AfterProcessingInitializeOnLoad (14ms)
				EditorAssembliesLoaded (0ms)
			ExecutionOrderSort2 (0ms)
			AwakeInstancesAfterBackupRestoration (15ms)
Platform modules already initialized, skipping
Refreshing native plugins compatible for Editor in 14.73 ms, found 4 plugins.
Preloading 0 native plugins for Editor in 0.00 ms.
Unloading 4605 Unused Serialized files (Serialized files now loaded: 0)
Unloading 60 unused Assets / (25.7 KB). Loaded Objects now: 5043.
Memory consumption went from 165.2 MB to 165.2 MB.
Total: 9.869700 ms (FindLiveObjects: 0.371700 ms CreateObjectMapping: 0.986000 ms MarkObjects: 8.461300 ms  DeleteObjects: 0.049700 ms)

AssetImportParameters requested are different than current active one (requested -> active):
  custom:video-decoder-ogg-theora: a1e56fd34408186e4bbccfd4996cb3dc -> 
  custom:container-muxer-webm: aa71ff27fc2769a1b78a27578f13a17b -> 
  custom:container-demuxer-webm: 4f35f7cbe854078d1ac9338744f61a02 -> 
  custom:video-encoder-webm-vp8: eb34c28f22e8b96e1ab97ce403110664 -> 
  custom:audio-encoder-webm-vorbis: bf7c407c2cedff20999df2af8eb42d56 -> 
  custom:framework-win-MediaFoundation: 216162199b28c13a410421893ffa2e32 -> 
  custom:container-demuxer-ogg: 62fdf1f143b41e24485cea50d1cbac27 -> 
  custom:video-decoder-webm-vp8: 9c59270c3fd7afecdb556c50c9e8de78 -> 
  custom:audio-decoder-ogg-vorbis: bf7c407c2cedff20999df2af8eb42d56 -> 
========================================================================
Received Import Request.
  Time since last request: 42.829521 seconds.
  path: Assets/Scripts
  artifactKey: Guid(95df59ef32a936b42a35c1872b775c91) Importer(815301076,1909f56bfc062723c751e8b465ee728b)
Start importing Assets/Scripts using Guid(95df59ef32a936b42a35c1872b775c91) Importer(815301076,1909f56bfc062723c751e8b465ee728b)  -> (artifact id: '22a6540dd54606f248661002dcf37a79') in 0.018758 seconds 
========================================================================
Received Import Request.
  Time since last request: 13.632460 seconds.
  path: Assets/Scripts/GameManager.cs
  artifactKey: Guid(4061db0f435c4e34ba350ddec999c659) Importer(815301076,1909f56bfc062723c751e8b465ee728b)
Start importing Assets/Scripts/GameManager.cs using Guid(4061db0f435c4e34ba350ddec999c659) Importer(815301076,1909f56bfc062723c751e8b465ee728b)  -> (artifact id: '3b67f71d3c74cf9aca5e01c71e20e9d4') in 0.052527 seconds 
========================================================================
Received Prepare
Registering precompiled user dll's ...
Registered in 0.013263 seconds.
Begin MonoManager ReloadAssembly
Symbol file LoadedFromMemory doesn't match image C:\Users\Alumne\Desktop\GitHub\Library\PackageCache\com.unity.visualscripting@1.7.8\Editor\VisualScripting.Core\Dependencies\DotNetZip\Unity.VisualScripting.IonicZip.dll
Symbol file LoadedFromMemory doesn't match image C:\Users\Alumne\Desktop\GitHub\Library\PackageCache\com.unity.visualscripting@1.7.8\Editor\VisualScripting.Core\Dependencies\YamlDotNet\Unity.VisualScripting.YamlDotNet.dll
Native extension for WindowsStandalone target not found
Refreshing native plugins compatible for Editor in 1.11 ms, found 4 plugins.
Preloading 0 native plugins for Editor in 0.00 ms.
Mono: successfully reloaded assembly
- Completed reload, in  1.358 seconds
Domain Reload Profiling:
	ReloadAssembly (1359ms)
		BeginReloadAssembly (157ms)
			ExecutionOrderSort (0ms)
			DisableScriptedObjects (9ms)
			BackupInstance (0ms)
			ReleaseScriptingObjects (0ms)
			CreateAndSetChildDomain (44ms)
		EndReloadAssembly (1076ms)
			LoadAssemblies (117ms)
			RebuildTransferFunctionScriptingTraits (0ms)
			SetupTypeCache (290ms)
			ReleaseScriptCaches (2ms)
			RebuildScriptCaches (54ms)
			SetupLoadedEditorAssemblies (564ms)
				LogAssemblyErrors (0ms)
				InitializePlatformSupportModulesInManaged (15ms)
				SetLoadedEditorAssemblies (1ms)
				RefreshPlugins (1ms)
				BeforeProcessingInitializeOnLoad (115ms)
				ProcessInitializeOnLoadAttributes (259ms)
				ProcessInitializeOnLoadMethodAttributes (164ms)
				AfterProcessingInitializeOnLoad (10ms)
				EditorAssembliesLoaded (0ms)
			ExecutionOrderSort2 (0ms)
			AwakeInstancesAfterBackupRestoration (10ms)
Platform modules already initialized, skipping
Refreshing native plugins compatible for Editor in 7.28 ms, found 4 plugins.
Preloading 0 native plugins for Editor in 0.00 ms.
Unloading 4606 Unused Serialized files (Serialized files now loaded: 0)
Unloading 60 unused Assets / (25.8 KB). Loaded Objects now: 5047.
Memory consumption went from 165.2 MB to 165.2 MB.
Total: 7.025000 ms (FindLiveObjects: 0.442500 ms CreateObjectMapping: 0.318300 ms MarkObjects: 6.224600 ms  DeleteObjects: 0.038700 ms)

AssetImportParameters requested are different than current active one (requested -> active):
  custom:video-decoder-ogg-theora: a1e56fd34408186e4bbccfd4996cb3dc -> 
  custom:container-muxer-webm: aa71ff27fc2769a1b78a27578f13a17b -> 
  custom:container-demuxer-webm: 4f35f7cbe854078d1ac9338744f61a02 -> 
  custom:video-encoder-webm-vp8: eb34c28f22e8b96e1ab97ce403110664 -> 
  custom:audio-encoder-webm-vorbis: bf7c407c2cedff20999df2af8eb42d56 -> 
  custom:framework-win-MediaFoundation: 216162199b28c13a410421893ffa2e32 -> 
  custom:container-demuxer-ogg: 62fdf1f143b41e24485cea50d1cbac27 -> 
  custom:video-decoder-webm-vp8: 9c59270c3fd7afecdb556c50c9e8de78 -> 
  custom:audio-decoder-ogg-vorbis: bf7c407c2cedff20999df2af8eb42d56 -> 
========================================================================
Received Import Request.
  Time since last request: 489.018753 seconds.
  path: Assets/Scripts/Enemy.cs
  artifactKey: Guid(f886c6bad3a9d6048a86c0ad725accdc) Importer(815301076,1909f56bfc062723c751e8b465ee728b)
Start importing Assets/Scripts/Enemy.cs using Guid(f886c6bad3a9d6048a86c0ad725accdc) Importer(815301076,1909f56bfc062723c751e8b465ee728b)  -> (artifact id: 'e9888b0d97abbfd82728a3003eeb7aa1') in 0.022161 seconds 
========================================================================
Received Import Request.
  Time since last request: 215.191133 seconds.
  path: Assets/Scripts/GroundSensor.cs
  artifactKey: Guid(14d56355f637a2c4c9e0ed2254e89f74) Importer(815301076,1909f56bfc062723c751e8b465ee728b)
Start importing Assets/Scripts/GroundSensor.cs using Guid(14d56355f637a2c4c9e0ed2254e89f74) Importer(815301076,1909f56bfc062723c751e8b465ee728b)  -> (artifact id: 'e658139930c160250be0cc1037a83721') in 0.008575 seconds 
========================================================================
Received Import Request.
  Time since last request: 165.419270 seconds.
  path: Assets/Scripts/GroundSensor.cs
  artifactKey: Guid(14d56355f637a2c4c9e0ed2254e89f74) Importer(815301076,1909f56bfc062723c751e8b465ee728b)
Start importing Assets/Scripts/GroundSensor.cs using Guid(14d56355f637a2c4c9e0ed2254e89f74) Importer(815301076,1909f56bfc062723c751e8b465ee728b)  -> (artifact id: 'a072017faa8b82894a05fe7f1e16b4d3') in 0.007127 seconds 
========================================================================
Received Import Request.
  Time since last request: 403.434461 seconds.
  path: Assets/Scripts/SoundManager.cs
  artifactKey: Guid(449bfedcd29f4db44909bd3216deacb1) Importer(815301076,1909f56bfc062723c751e8b465ee728b)
Start importing Assets/Scripts/SoundManager.cs using Guid(449bfedcd29f4db44909bd3216deacb1) Importer(815301076,1909f56bfc062723c751e8b465ee728b)  -> (artifact id: 'd956f9807c0d777bf287ade21977c8ad') in 0.013683 seconds 
========================================================================
Received Import Request.
  Time since last request: 30.579487 seconds.
  path: Assets/Scripts/Camara.cs
  artifactKey: Guid(2627dbc59f8cb3d449606f686c22eb5b) Importer(815301076,1909f56bfc062723c751e8b465ee728b)
Start importing Assets/Scripts/Camara.cs using Guid(2627dbc59f8cb3d449606f686c22eb5b) Importer(815301076,1909f56bfc062723c751e8b465ee728b)  -> (artifact id: 'b46332d92c78b2cfa83f031adb0d4bb3') in 0.011236 seconds 
========================================================================
Received Import Request.
  Time since last request: 28.877336 seconds.
  path: Assets/Scripts/Camara.cs
  artifactKey: Guid(2627dbc59f8cb3d449606f686c22eb5b) Importer(815301076,1909f56bfc062723c751e8b465ee728b)
Start importing Assets/Scripts/Camara.cs using Guid(2627dbc59f8cb3d449606f686c22eb5b) Importer(815301076,1909f56bfc062723c751e8b465ee728b)  -> (artifact id: '2b2f792973aec7155c1cfbecbd300daf') in 0.003519 seconds 
========================================================================
Received Import Request.
  Time since last request: 19.883738 seconds.
  path: Assets/Scripts/Enemy.cs
  artifactKey: Guid(f886c6bad3a9d6048a86c0ad725accdc) Importer(815301076,1909f56bfc062723c751e8b465ee728b)
Start importing Assets/Scripts/Enemy.cs using Guid(f886c6bad3a9d6048a86c0ad725accdc) Importer(815301076,1909f56bfc062723c751e8b465ee728b)  -> (artifact id: 'd83ab29147a1cf3798798cb242bf9aaa') in 0.012350 seconds 
========================================================================
Received Import Request.
  Time since last request: 54.676150 seconds.
  path: Assets/Scripts/Enemy.cs
  artifactKey: Guid(f886c6bad3a9d6048a86c0ad725accdc) Importer(815301076,1909f56bfc062723c751e8b465ee728b)
Start importing Assets/Scripts/Enemy.cs using Guid(f886c6bad3a9d6048a86c0ad725accdc) Importer(815301076,1909f56bfc062723c751e8b465ee728b)  -> (artifact id: '8ae9e7fae7d7e4ab990de280a4265e04') in 0.017163 seconds 
========================================================================
Received Import Request.
  Time since last request: 24.799731 seconds.
  path: Assets/Scripts/MenuManager.cs
  artifactKey: Guid(135950f9cc454e94e8eed0ad77bf9070) Importer(815301076,1909f56bfc062723c751e8b465ee728b)
Start importing Assets/Scripts/MenuManager.cs using Guid(135950f9cc454e94e8eed0ad77bf9070) Importer(815301076,1909f56bfc062723c751e8b465ee728b)  -> (artifact id: '57da5db926e6b6ef8044e0bec716cf39') in 0.011336 seconds 
========================================================================
Received Import Request.
  Time since last request: 33.019560 seconds.
  path: Assets/Scripts/PlayerControler.cs
  artifactKey: Guid(8af6117007e248d4f96b56473b5ae07c) Importer(815301076,1909f56bfc062723c751e8b465ee728b)
Start importing Assets/Scripts/PlayerControler.cs using Guid(8af6117007e248d4f96b56473b5ae07c) Importer(815301076,1909f56bfc062723c751e8b465ee728b)  -> (artifact id: 'ccac174e215fd785a831a736f7b8411e') in 0.009270 seconds 
========================================================================
Received Import Request.
  Time since last request: 16.296486 seconds.
  path: Assets/Scripts/PlayerControler.cs
  artifactKey: Guid(8af6117007e248d4f96b56473b5ae07c) Importer(815301076,1909f56bfc062723c751e8b465ee728b)
Start importing Assets/Scripts/PlayerControler.cs using Guid(8af6117007e248d4f96b56473b5ae07c) Importer(815301076,1909f56bfc062723c751e8b465ee728b)  -> (artifact id: '64dbe77da296d1949a21616c39c85117') in 0.011351 seconds 
========================================================================
Received Import Request.
  Time since last request: 29.982512 seconds.
  path: Assets/Scripts/SFXManager.cs
  artifactKey: Guid(03fbc709941b98a418287563b964e4e0) Importer(815301076,1909f56bfc062723c751e8b465ee728b)
Start importing Assets/Scripts/SFXManager.cs using Guid(03fbc709941b98a418287563b964e4e0) Importer(815301076,1909f56bfc062723c751e8b465ee728b)  -> (artifact id: '9b15acc3591c18e87f3e1a356be186f4') in 0.009325 seconds 
========================================================================
Received Import Request.
  Time since last request: 7.220895 seconds.
  path: Assets/Scripts/SFXManager.cs
  artifactKey: Guid(03fbc709941b98a418287563b964e4e0) Importer(815301076,1909f56bfc062723c751e8b465ee728b)
Start importing Assets/Scripts/SFXManager.cs using Guid(03fbc709941b98a418287563b964e4e0) Importer(815301076,1909f56bfc062723c751e8b465ee728b)  -> (artifact id: '42ad2a82185f496ef31e7bf42790f04c') in 0.006004 seconds 
========================================================================
Received Import Request.
  Time since last request: 25.427282 seconds.
  path: Assets/Scripts/SoundManager.cs
  artifactKey: Guid(449bfedcd29f4db44909bd3216deacb1) Importer(815301076,1909f56bfc062723c751e8b465ee728b)
Start importing Assets/Scripts/SoundManager.cs using Guid(449bfedcd29f4db44909bd3216deacb1) Importer(815301076,1909f56bfc062723c751e8b465ee728b)  -> (artifact id: '64c26a62e1775245958a32b1d0c85221') in 0.005640 seconds 
========================================================================
Received Import Request.
  Time since last request: 228.679448 seconds.
  path: Assets/Scenes/New Scene.unity
  artifactKey: Guid(8778b9a5337fe4f4db007f28fb24b008) Importer(815301076,1909f56bfc062723c751e8b465ee728b)
Start importing Assets/Scenes/New Scene.unity using Guid(8778b9a5337fe4f4db007f28fb24b008) Importer(815301076,1909f56bfc062723c751e8b465ee728b)  -> (artifact id: '5f797539c42af4cf1f65f0267023a4b1') in 0.010396 seconds 
========================================================================
Received Import Request.
  Time since last request: 5.252602 seconds.
  path: Assets/Scenes/Nivel1.unity
  artifactKey: Guid(2cda990e2423bbf4892e6590ba056729) Importer(815301076,1909f56bfc062723c751e8b465ee728b)
Start importing Assets/Scenes/Nivel1.unity using Guid(2cda990e2423bbf4892e6590ba056729) Importer(815301076,1909f56bfc062723c751e8b465ee728b)  -> (artifact id: '84541a885920eb8037571c0e009ef0d7') in 0.012009 seconds 
========================================================================
Received Import Request.
  Time since last request: 121.908327 seconds.
  path: Assets/Scenes/MainMenu.unity
  artifactKey: Guid(8778b9a5337fe4f4db007f28fb24b008) Importer(815301076,1909f56bfc062723c751e8b465ee728b)
Start importing Assets/Scenes/MainMenu.unity using Guid(8778b9a5337fe4f4db007f28fb24b008) Importer(815301076,1909f56bfc062723c751e8b465ee728b)  -> (artifact id: 'fdfcd100bfc46c40ad86938497d3415b') in 0.009271 seconds 
